===================== [ COMMIT CHANGES ] msp-mdm-search-service ===================== 
[master a2f16f9] update lib
 1 file changed, 2 insertions(+), 2 deletions(-)
===================== [ COMMIT CHANGES ] msp-mdm-notify-service ===================== 
[master 28c72dc] update lib
 1 file changed, 2 insertions(+), 2 deletions(-)
===================== [ COMMIT CHANGES ] msp-mdm-converter-service ===================== 
[master 97e7c7a] update lib
 1 file changed, 2 insertions(+), 2 deletions(-)
===================== [ COMMIT CHANGES ] msp-mdm-api-service ===================== 
[master b70f26d] update lib
 1 file changed, 2 insertions(+), 2 deletions(-)
===================== [ COMMIT CHANGES ] msp-mdm-adapter-service ===================== 
[master 3c2e5e3] update lib
 1 file changed, 2 insertions(+), 2 deletions(-)
===================== [ COMMIT CHANGES ] msp-mdm-service ===================== 
[master c5738b2] update lib
 1 file changed, 2 insertions(+), 2 deletions(-)
===================== [ COMMIT CHANGES ] msp-socket-service ===================== 
[master 8645eb3] update lib
 1 file changed, 2 insertions(+), 2 deletions(-)
===================== [ BUILD PROJECT ] msp-socket-service ===================== 
<html>
<head>
<meta http-equiv="Content-Type" content="text/html;charset=utf-8"/>
<title>Error 404 Not Found</title>
</head>
<body><h2>HTTP ERROR 404</h2>
<p>Problem accessing /job/msp2-build-publish-msp-socket-service-auto/build. Reason:
<pre>    Not Found</pre></p><hr><a href="http://eclipse.org/jetty">Powered by Jetty:// 9.4.z-SNAPSHOT</a><hr/>

</body>
</html>
===================== [ COMMIT CHANGES ] msp-rest-backend-service ===================== 
[master 3177a72] update lib
 1 file changed, 2 insertions(+), 2 deletions(-)
===================== [ COMMIT CHANGES ] msp-message-bundle-service ===================== 
[master d7e4ed1] update lib
 1 file changed, 2 insertions(+), 2 deletions(-)
===================== [ COMMIT CHANGES ] msp-template-service ===================== 
[master 9575137] update lib
 1 file changed, 2 insertions(+), 2 deletions(-)
===================== [ COMMIT CHANGES ] msp-email-service ===================== 
[master 277e65d] update lib
 1 file changed, 2 insertions(+), 2 deletions(-)
===================== [ COMMIT CHANGES ] msp-sms-service ===================== 
[master 9ce99a3] update lib
 1 file changed, 2 insertions(+), 2 deletions(-)
===================== [ COMMIT CHANGES ] msp-file-storage-service ===================== 
[master 16e3b0b] update lib
 1 file changed, 2 insertions(+), 2 deletions(-)
===================== [ COMMIT CHANGES ] msp-mobile-push-service ===================== 
[master 8a50362] update lib
 1 file changed, 2 insertions(+), 2 deletions(-)
===================== [ COMMIT CHANGES ] msp-mobile-service ===================== 
[master dad4700] update lib
 1 file changed, 2 insertions(+), 2 deletions(-)
===================== [ COMMIT CHANGES ] msp-user-service ===================== 
[master f0e8318] update lib
 1 file changed, 2 insertions(+), 2 deletions(-)
===================== [ COMMIT CHANGES ] msp-sql-backend-service ===================== 
[master 8a4c26b] update lib
 1 file changed, 2 insertions(+), 2 deletions(-)
===================== [ COMMIT CHANGES ] msp-mongo-backend-service ===================== 
[master 75beeb0] update lib
 1 file changed, 2 insertions(+), 2 deletions(-)
===================== [ COMMIT CHANGES ] msp-admin-service ===================== 
[master 419c379] update lib
 1 file changed, 2 insertions(+), 2 deletions(-)
===================== [ COMMIT CHANGES ] msp-system-service ===================== 
[master 159c9f9] update lib
 1 file changed, 2 insertions(+), 2 deletions(-)
===================== [ COMMIT CHANGES ] msp-routing-service ===================== 
[master d22bcb5] update lib
 1 file changed, 2 insertions(+), 2 deletions(-)
===================== [ COMMIT CHANGES ] msp-convert-service ===================== 
[master 4be6e0b] update lib
 1 file changed, 2 insertions(+), 2 deletions(-)
===================== [ COMMIT CHANGES ] msp-config-service ===================== 
[master 58185d7] update lib
 1 file changed, 2 insertions(+), 2 deletions(-)
